.include "src/spg2xx.inc"
.define color(r,g,b) ((r << 10) | (g << 5) | (b << 0))

.unsp
.low_address 0
.high_address 0x1ffff

.include "src/ram.asm"
.include "src/rom.asm"
data sections:
fff5: 00 00 00 00 00 80 00 00 00 00 00 00 00 00 00 00  ................
fffd: 00 00 00 00 00 00 00 00 00 00 00 00 00 00 00 00  ................
10005: 00 00 00 00 00 00 54 00 40 00 54 44 04 44 54 54  ......T.@.TD.DTT
1000d: 00 44 00 44 00 00 54 00 40 00 54 44 04 44 54 10  .D.D..T.@.TD.DT.
10015: 00 44 00 44 00 00 54 00 40 00 50 44 40 44 54 10  .D.D..T.@.PD@DT.
1001d: 00 44 00 44 00 00 54 00 40 00 50 54 40 10 54 10  .D.D..T.@.PT@.T.
10025: 00 10 00 10 00 00 54 00 40 00 50 54 40 44 54 44  ......T.@.PT@DTD
1002d: 00 54 00 10 00 00 54 00 44 00 54 44 44 44 44 50  .T....T.D.TDDDDP
10035: 00 44 00 44 00 00 50 00 44 00 50 40 44 40 50 40  .D.D..P.D.P@D@P@
1003d: 00 40 00 54 00 00 50 00 44 00 50 54 44 40 50 54  .@.T..P.D.PTD@PT
10045: 00 04 00 54 00 00 44 00 44 00 54 54 44 10 44 10  ...T..D.D.TTD.D.
1004d: 00 10 00 10 00 00 40 00 40 00 40 54 40 40 54 50  ......@.@.@T@@TP
10055: 00 40 00 40 00 00 44 00 44 00 44 54 44 10 10 10  .@.@..D.D.DTD...
1005d: 00 10 00 10 00 00 54 00 40 00 50 54 40 40 40 50  ......T.@.PT@@@P
10065: 00 40 00 40 00 00 54 00 40 00 40 54 40 44 54 54  .@.@..T.@.@T@DTT
1006d: 00 50 00 44 00 00 54 00 40 00 54 54 04 44 54 44  .P.D..T.@.TT.DTD
10075: 00 44 00 54 00 00 54 00 40 00 54 54 04 10 54 10  .D.T..T.@.TT..T.
1007d: 00 10 00 54 00 00 50 00 44 00 44 40 44 40 50 40  ...T..P.D.D@D@P@
10085: 00 40 00 54 00 00 50 00 44 00 44 10 44 50 50 10  .@.T..P.D.D.DPP.
1008d: 00 10 00 54 00 00 50 00 44 00 44 54 44 04 50 54  ...T..P.D.DTD.PT
10095: 00 40 00 54 00 00 50 00 44 00 44 54 44 04 50 14  .@.T..P.D.DTD.P.
1009d: 00 04 00 54 00 00 50 00 44 00 44 44 44 44 50 54  ...T..P.D.DDDDPT
100a5: 00 04 00 04 00 00 54 00 44 00 44 44 44 44 44 50  ......T.D.DDDDDP
100ad: 00 44 00 44 00 00 54 00 40 00 54 44 04 44 54 54  .D.D..T.@.TD.DTT
100b5: 00 10 00 10 00 00 54 00 40 00 50 50 40 44 54 50  ......T.@.PP@DTP
100bd: 00 44 00 50 00 00 54 00 40 00 40 54 40 44 54 44  .D.P..T.@.@T@DTD
100c5: 00 44 00 44 00 00 54 00 40 00 50 44 40 54 54 44  .D.D..T.@.PD@TTD
100cd: 00 44 00 44 00 00 05 50 14 14 14 14 05 00 01 40  .D.D...P.......@
100d5: 00 00 01 40 00 00 54 00 40 00 50 54 40 40 54 40  ...@..T.@.PT@@T@
100dd: 00 40 00 54 00 00 54 00 40 00 50 54 40 40 40 54  .@.T..T.@.PT@@@T
100e5: 00 04 00 54 00 00 54 00 40 00 44 54 44 40 54 54  ...T..T.@.DTD@TT
100ed: 00 04 00 54 00 00 54 00 44 00 54 54 50 40 44 54  ...T..T.D.TTP@DT
100f5: 00 04 00 54 00 00 44 00 44 00 44 54 44 40 54 54  ...T..D.D.DTD@TT
100fd: 00 04 00 54 00 00 00 00 00 00 00 00 00 00 00 00  ...T............
10105: 00 00 00 00 00 00 01 40 01 40 01 40 01 40 01 40  .......@.@.@.@.@
1010d: 00 00 01 40 00 00 14 14 14 14 14 14 00 00 00 00  ...@............
10115: 00 00 00 00 00 00 14 50 14 50 55 54 14 50 55 54  .......P.PUT.PUT
1011d: 14 50 14 50 00 00 01 40 05 54 14 00 05 50 00 14  .P.P...@.T...P..
10125: 15 50 01 40 00 00 00 00 50 14 50 50 01 40 05 00  .P.@....P.PP.@..
1012d: 14 14 50 14 00 00 05 40 14 50 05 40 15 14 51 50  ..P....@.P.@..QP
10135: 50 50 15 14 00 00 01 40 01 40 05 00 00 00 00 00  PP.....@.@......
1013d: 00 00 00 00 00 00 00 50 01 40 05 00 05 00 05 00  .......P.@......
10145: 01 40 00 50 00 00 05 00 01 40 00 50 00 50 00 50  .@.P.....@.P.P.P
1014d: 01 40 05 00 00 00 00 00 14 14 05 50 55 55 05 50  .@.........PUU.P
10155: 14 14 00 00 00 00 00 00 01 40 01 40 15 54 01 40  .........@.@.T.@
1015d: 01 40 00 00 00 00 00 00 00 00 00 00 00 00 00 00  .@..............
10165: 01 40 01 40 05 00 00 00 00 00 00 00 15 54 00 00  .@.@.........T..
1016d: 00 00 00 00 00 00 00 00 00 00 00 00 00 00 00 00  ................
10175: 01 40 01 40 00 00 00 05 00 14 00 50 01 40 05 00  .@.@.......P.@..
1017d: 14 00 50 00 00 00 05 50 14 14 14 54 15 14 14 14  ..P....P...T....
10185: 14 14 05 50 00 00 01 40 05 40 01 40 01 40 01 40  ...P...@.@.@.@.@
1018d: 01 40 15 54 00 00 05 50 14 14 00 50 01 40 05 00  .@.T...P...P.@..
10195: 14 00 15 54 00 00 05 50 14 14 00 14 01 50 00 14  ...T...P.....P..
1019d: 14 14 05 50 00 00 01 50 05 50 14 50 50 50 55 54  ...P...P.P.PPPUT
101a5: 00 50 00 50 00 00 15 54 14 00 15 50 00 14 00 14  .P.P...T...P....
101ad: 14 14 05 50 00 00 01 50 05 00 14 00 15 50 14 14  ...P...P.....P..
101b5: 14 14 05 50 00 00 15 54 00 14 00 14 00 50 01 40  ...P...T.....P.@
101bd: 01 40 01 40 00 00 05 50 14 14 14 14 05 50 14 14  .@.@...P.....P..
101c5: 14 14 05 50 00 00 05 50 14 14 14 14 05 54 00 14  ...P...P.....T..
101cd: 00 50 05 40 00 00 00 00 01 40 01 40 00 00 00 00  .P.@.....@.@....
101d5: 01 40 01 40 00 00 00 00 01 40 01 40 00 00 00 00  .@.@.....@.@....
101dd: 01 40 01 40 05 00 00 50 01 40 05 00 14 00 05 00  .@.@...P.@......
101e5: 01 40 00 50 00 00 00 00 00 00 15 54 00 00 15 54  .@.P.......T...T
101ed: 00 00 00 00 00 00 14 00 05 00 01 40 00 50 01 40  ...........@.P.@
101f5: 05 00 14 00 00 00 05 50 14 14 00 14 00 50 01 40  .......P.....P.@
101fd: 00 00 01 40 00 00 15 50 50 14 51 54 51 54 51 54  ...@...PP.QTQTQT
10205: 50 00 15 50 00 00 01 40 05 50 14 14 14 14 15 54  P..P...@.P.....T
1020d: 14 14 14 14 00 00 15 50 14 14 14 14 15 50 14 14  .......P.....P..
10215: 14 14 15 50 00 00 05 50 14 14 14 00 14 00 14 00  ...P...P........
1021d: 14 14 05 50 00 00 15 40 14 50 14 14 14 14 14 14  ...P...@.P......
10225: 14 50 15 40 00 00 15 54 14 00 14 00 15 50 14 00  .P.@...T.....P..
1022d: 14 00 15 54 00 00 15 54 14 00 14 00 15 50 14 00  ...T...T.....P..
10235: 14 00 14 00 00 00 05 50 14 14 14 00 14 54 14 14  .......P.....T..
1023d: 14 14 05 54 00 00 14 14 14 14 14 14 15 54 14 14  ...T.........T..
10245: 14 14 14 14 00 00 15 54 01 40 01 40 01 40 01 40  .......T.@.@.@.@
1024d: 01 40 15 54 00 00 00 14 00 14 00 14 00 14 00 14  .@.T............
10255: 14 14 05 50 00 00 50 14 50 50 51 40 55 00 51 40  ...P..P.PPQ@U.Q@
1025d: 50 50 50 14 00 00 14 00 14 00 14 00 14 00 14 00  PPP.............
10265: 14 00 15 54 00 00 50 14 54 54 55 54 51 14 50 14  ...T..P.TTUTQ.P.
1026d: 50 14 50 14 00 00 50 14 54 14 55 14 51 54 50 54  P.P...P.T.U.QTPT
10275: 50 14 50 14 00 00 05 50 14 14 14 14 14 14 14 14  P.P....P........
1027d: 14 14 05 50 00 00 15 50 14 14 14 14 15 50 14 00  ...P...P.....P..
10285: 14 00 14 00 00 00 05 50 14 14 14 14 14 14 14 14  .......P........
1028d: 14 50 05 14 00 00 15 50 14 14 14 14 15 50 14 50  .P.....P.....P.P
10295: 14 14 14 14 00 00 05 50 14 14 14 00 05 50 00 14  .......P.....P..
1029d: 14 14 05 50 00 00 15 54 01 40 01 40 01 40 01 40  ...P...T.@.@.@.@
102a5: 01 40 01 40 00 00 14 14 14 14 14 14 14 14 14 14  .@.@............
102ad: 14 14 05 50 00 00 14 14 14 14 14 14 14 14 14 14  ...P............
102b5: 05 50 01 40 00 00 50 14 50 14 50 14 51 14 55 54  .P.@..P.P.P.Q.UT
102bd: 54 54 50 14 00 00 50 05 14 14 05 50 01 40 05 50  TTP...P....P.@.P
102c5: 14 14 50 05 00 00 50 05 14 14 05 50 01 40 01 40  ..P...P....P.@.@
102cd: 01 40 01 40 00 00 15 54 00 14 00 50 01 40 05 00  .@.@...T...P.@..
102d5: 14 00 15 54 00 00 05 50 05 00 05 00 05 00 05 00  ...T...P........
102dd: 05 00 05 50 00 00 50 00 14 00 05 00 01 40 00 50  ...P..P......@.P
102e5: 00 14 00 05 00 00 05 50 00 50 00 50 00 50 00 50  .......P.P.P.P.P
102ed: 00 50 05 50 00 00 01 00 05 40 14 50 50 14 00 00  .P.P.....@.PP...
102f5: 00 00 00 00 00 00 00 00 00 00 00 00 00 00 00 00  ................
102fd: 00 00 00 00 55 55 01 40 00 50 00 14 00 00 00 00  ....UU.@.P......
10305: 00 00 00 00 00 00 00 00 00 00 05 50 00 14 05 54  ...........P...T
1030d: 14 14 05 54 00 00 14 00 14 00 15 50 14 14 14 14  ...T.......P....
10315: 14 14 15 50 00 00 00 00 00 00 05 50 14 00 14 00  ...P.......P....
1031d: 14 00 05 50 00 00 00 14 00 14 05 54 14 14 14 14  ...P.......T....
10325: 14 14 05 54 00 00 00 00 00 00 05 50 14 14 15 54  ...T.......P...T
1032d: 14 00 05 50 00 00 01 50 05 00 15 50 05 00 05 00  ...P...P...P....
10335: 05 00 05 00 00 00 00 00 00 00 05 54 14 14 14 14  ...........T....
1033d: 05 54 00 14 15 50 14 00 14 00 15 50 14 14 14 14  .T...P.....P....
10345: 14 14 14 14 00 00 01 40 00 00 05 40 01 40 01 40  .......@...@.@.@
1034d: 01 40 01 54 00 00 00 50 00 00 00 50 00 50 00 50  .@.T...P...P.P.P
10355: 00 50 00 50 15 40 14 00 14 00 14 14 14 50 15 40  .P.P.@.......P.@
1035d: 14 50 14 14 00 00 05 40 01 40 01 40 01 40 01 40  .P.....@.@.@.@.@
10365: 01 40 01 54 00 00 00 00 00 00 50 50 55 54 51 14  .@.T......PPUTQ.
1036d: 51 14 50 14 00 00 00 00 00 00 15 50 14 14 14 14  Q.P........P....
10375: 14 14 14 14 00 00 00 00 00 00 05 50 14 14 14 14  ...........P....
1037d: 14 14 05 50 00 00 00 00 00 00 15 50 14 14 14 14  ...P.......P....
10385: 15 50 14 00 14 00 00 00 00 00 05 54 14 14 14 14  .P.........T....
1038d: 05 54 00 14 00 14 00 00 00 00 15 50 14 14 14 00  .T.........P....
10395: 14 00 14 00 00 00 00 00 00 00 05 54 14 00 05 50  ...........T...P
1039d: 00 14 15 50 00 00 05 00 05 00 15 54 05 00 05 00  ...P.......T....
103a5: 05 00 01 54 00 00 00 00 00 00 14 14 14 14 14 14  ...T............
103ad: 14 14 05 54 00 00 00 00 00 00 14 14 14 14 14 14  ...T............
103b5: 05 50 01 40 00 00 00 00 00 00 50 14 50 14 51 14  .P.@......P.P.Q.
103bd: 15 50 14 50 00 00 00 00 00 00 50 14 14 50 05 40  .P.P......P..P.@
103c5: 14 50 50 14 00 00 00 00 00 00 14 14 14 14 14 14  .PP.............
103cd: 05 54 00 14 05 50 00 00 00 00 15 54 00 50 01 40  .T...P.....T.P.@
103d5: 05 00 15 54 00 00 00 54 01 40 01 40 15 00 01 40  ...T...T.@.@...@
103dd: 01 40 00 54 00 00 01 40 01 40 01 40 01 40 01 40  .@.T...@.@.@.@.@
103e5: 01 40 01 40 00 00 15 00 01 40 01 40 00 54 01 40  .@.@.....@.@.T.@
103ed: 01 40 15 00 00 00 15 14 51 50 00 00 00 00 00 00  .@......QP......
103f5: 00 00 00 00 00 00 50 00 44 00 44 54 44 10 50 10  ......P.D.DTD.P.
103fd: 00 10 00 10 00 00 54 00 44 00 54 54 44 44 54 44  ......T.D.TTDDTD
10405: 00 44 00 54 00 00 54 00 44 00 54 10 44 50 54 10  .D.T..T.D.T.DPT.
1040d: 00 10 00 54 00 00 54 00 44 00 54 54 44 04 54 54  ...T..T.D.TTD.TT
10415: 00 40 00 54 00 00 54 00 44 00 54 54 44 04 54 54  .@.T..T.D.TTD.TT
1041d: 00 04 00 54 00 00 54 00 10 00 10 54 10 44 54 44  ...T..T....T.DTD
10425: 00 44 00 44 00 00 54 00 44 00 44 40 44 40 44 40  .D.D..T.D.D@D@D@
1042d: 00 40 00 54 00 00 54 00 40 00 54 54 04 40 54 54  .@.T..T.@.TT.@TT
10435: 00 04 00 54 00 00 54 00 40 00 50 54 40 40 54 54  ...T..T.@.PT@@TT
1043d: 00 04 00 54 00 00 44 00 44 00 54 54 44 40 44 54  ...T..D.D.TTD@DT
10445: 00 04 00 54 00 00 44 00 44 00 54 04 44 04 44 04  ...T..D.D.T.D.D.
1044d: 00 44 00 54 00 00 44 00 44 00 44 54 44 40 10 54  .D.T..D.D.DTD@.T
10455: 00 04 00 54 00 00 54 00 44 00 54 50 40 44 40 44  ...T..T.D.TP@D@D
1045d: 00 44 00 50 00 00 54 00 44 00 54 44 40 44 40 44  .D.P..T.D.TD@D@D
10465: 00 44 00 54 00 00 50 00 44 00 50 54 44 10 44 10  .D.T..P.D.PTD.D.
1046d: 00 10 00 54 00 00 54 00 40 00 54 54 04 04 54 54  ...T..T.@.TT..TT
10475: 00 40 00 54 00 00 54 00 40 00 54 54 04 04 54 14  .@.T..T.@.TT..T.
1047d: 00 04 00 54 00 00 50 00 44 00 44 54 44 40 50 40  ...T..P.D.DTD@P@
10485: 00 40 00 54 00 00 54 00 44 00 54 10 40 50 40 10  .@.T..T.D.T.@P@.
1048d: 00 10 00 54 00 00 54 00 44 00 54 54 40 04 40 54  ...T..T.D.TT@.@T
10495: 00 40 00 54 00 00 54 00 40 00 54 54 04 40 54 50  .@.T..T.@.TT.@TP
1049d: 00 40 00 54 00 00 54 00 40 00 40 54 40 40 54 40  .@.T..T.@.@T@@T@
104a5: 00 40 00 54 00 00 44 00 54 00 54 44 44 44 44 54  .@.T..D.T.TDDDDT
104ad: 00 54 00 44 00 00 54 00 40 00 54 54 04 44 54 54  .T.D..T.@.TT.DTT
104b5: 00 40 00 40 00 00 54 00 40 00 50 54 40 44 54 54  .@.@..T.@.PT@DTT
104bd: 00 40 00 40 00 00 54 00 44 00 54 54 04 44 54 54  .@.@..T.D.TT.DTT
104c5: 00 44 00 54 00 00 54 00 44 00 54 54 04 44 54 54  .D.T..T.D.TT.DTT
104cd: 00 04 00 54 00 00 54 00 44 00 54 54 04 44 54 54  ...T..T.D.TT.DTT
104d5: 00 44 00 44 00 00 54 00 40 00 40 54 40 40 54 54  .D.D..T.@.@T@@TT
104dd: 00 04 00 54 00 00 54 00 40 00 54 54 04 10 54 10  ...T..T.@.TT..T.
104e5: 00 10 00 10 00 00 54 00 44 00 44 54 44 40 54 54  ......T.D.DTD@TT
104ed: 00 04 00 54 00 00 54 00 44 00 54 44 40 54 40 54  ...T..T.D.TD@T@T
104f5: 00 44 00 44 00 00 54 00 44 00 54 54 44 44 44 54  .D.D..T.D.TTDDDT
104fd: 00 40 00 40 00 00 00 00 00 00 00 00 00 00 00 00  .@.@............
10505: 00 00 00 00 00 00 01 40 00 00 01 40 01 40 01 40  .......@...@.@.@
1050d: 01 40 01 40 00 00 00 00 01 40 15 54 51 40 51 40  .@.@.....@.TQ@Q@
10515: 15 54 01 40 00 00 05 40 14 50 14 00 55 00 14 00  .T.@...@.P..U...
1051d: 14 14 55 50 00 00 14 14 05 50 14 14 05 50 14 14  ..UP.....P...P..
10525: 00 00 00 00 00 00 50 05 14 14 05 50 01 40 05 50  ......P....P.@.P
1052d: 01 40 01 40 00 00 01 40 01 40 01 40 00 00 01 40  .@.@...@.@.@...@
10535: 01 40 01 40 00 00 05 50 14 00 05 50 14 14 14 14  .@.@...P...P....
1053d: 05 50 00 14 05 50 14 14 00 00 00 00 00 00 00 00  .P...P..........
10545: 00 00 00 00 00 00 15 54 40 01 41 51 45 01 45 01  .......T@.AQE.E.
1054d: 41 51 40 01 15 54 05 50 14 50 14 50 05 54 00 00  AQ@..T.P.P.P.T..
10555: 15 54 00 00 00 00 00 00 05 05 14 14 50 50 14 14  .T..........PP..
1055d: 05 05 00 00 00 00 00 00 15 54 00 14 00 14 00 00  .........T......
10565: 00 00 00 00 00 00 00 00 00 00 00 00 05 50 00 00  .............P..
1056d: 00 00 00 00 00 00 15 54 40 01 45 41 44 11 45 41  .......T@.EAD.EA
10575: 44 11 40 01 15 54 15 54 00 00 00 00 00 00 00 00  D.@..T.T........
1057d: 00 00 00 00 00 00 05 50 14 14 05 50 00 00 00 00  .......P...P....
10585: 00 00 00 00 00 00 01 40 01 40 15 54 01 40 01 40  .......@.@.T.@.@
1058d: 00 00 15 54 00 00 15 00 01 40 05 00 14 00 15 40  ...T.....@.....@
10595: 00 00 00 00 00 00 15 40 00 50 01 40 00 50 15 40  .......@.P.@.P.@
1059d: 00 00 00 00 00 00 00 50 01 40 05 00 00 00 00 00  .......P.@......
105a5: 00 00 00 00 00 00 00 00 00 00 14 14 14 14 14 14  ................
105ad: 15 50 14 00 50 00 05 54 15 44 15 44 05 44 01 44  .P..P..T.D.D.D.D
105b5: 01 44 01 44 00 00 00 00 00 00 00 00 01 40 00 00  .D.D.........@..
105bd: 00 00 00 00 00 00 00 00 00 00 00 00 00 00 00 00  ................
105c5: 00 00 00 40 01 40 05 00 15 00 05 00 05 00 05 00  ...@.@..........
105cd: 00 00 00 00 00 00 05 40 14 50 14 50 05 40 00 00  .......@.P.P.@..
105d5: 15 50 00 00 00 00 00 00 50 50 14 14 05 05 14 14  .P......PP......
105dd: 50 50 00 00 00 00 10 00 50 14 10 50 11 44 05 14  PP......P..P.D..
105e5: 14 44 50 55 00 04 10 00 50 14 10 50 11 54 05 05  .DPU....P..P.T..
105ed: 14 14 50 50 00 55 50 00 04 14 14 50 05 44 55 14  ..PP.UP....P.DU.
105f5: 14 44 50 55 00 04 01 40 00 00 01 40 05 00 14 00  .DPU...@...@....
105fd: 14 14 05 50 00 00 15 00 00 00 05 50 14 14 15 54  ...P.......P...T
10605: 14 14 14 14 00 00 00 54 00 00 05 50 14 14 15 54  .......T...P...T
1060d: 14 14 14 14 00 00 01 40 14 14 00 00 05 50 14 14  .......@.....P..
10615: 15 54 14 14 00 00 15 14 51 50 00 00 05 50 14 14  .T......QP...P..
1061d: 15 54 14 14 00 00 14 14 00 00 05 50 14 14 15 54  .T.........P...T
10625: 14 14 14 14 00 00 01 40 01 40 00 00 05 50 14 14  .......@.@...P..
1062d: 15 54 14 14 00 00 05 55 14 50 50 50 55 54 50 50  .T.....U.PPPUTPP
10635: 50 50 50 55 00 00 05 50 14 14 14 00 14 00 14 00  PPPU...P........
1063d: 14 14 05 50 01 40 15 00 00 00 55 54 50 00 55 40  ...P.@....UTP.U@
10645: 50 00 55 54 00 00 00 54 00 00 55 54 50 00 55 40  P.UT...T..UTP.U@
1064d: 50 00 55 54 00 00 01 40 14 14 00 00 55 54 55 00  P.UT...@....UTU.
10655: 50 00 55 54 00 00 14 14 00 00 55 54 50 00 55 40  P.UT......UTP.U@
1065d: 50 00 55 54 00 00 15 00 00 00 15 54 01 40 01 40  P.UT.......T.@.@
10665: 01 40 15 54 00 00 00 54 00 00 15 54 01 40 01 40  .@.T...T...T.@.@
1066d: 01 40 15 54 00 00 01 40 14 14 00 00 15 54 01 40  .@.T...@.....T.@
10675: 01 40 15 54 00 00 14 14 00 00 15 54 01 40 01 40  .@.T.......T.@.@
1067d: 01 40 15 54 00 00 15 40 14 50 14 14 55 14 14 14  .@.T...@.P..U...
10685: 14 50 15 40 00 00 15 14 51 50 00 00 50 14 55 14  .P.@....QP..P.U.
1068d: 51 54 50 14 00 00 15 00 00 00 15 50 50 14 50 14  QTP........PP.P.
10695: 50 14 15 50 00 00 00 54 00 00 15 50 50 14 50 14  P..P...T...PP.P.
1069d: 50 14 15 50 00 00 01 40 14 14 00 00 15 50 50 14  P..P...@.....PP.
106a5: 50 14 15 50 00 00 15 14 51 50 00 00 15 50 50 14  P..P....QP...PP.
106ad: 50 14 15 50 00 00 14 14 00 00 15 50 50 14 50 14  P..P.......PP.P.
106b5: 50 14 15 50 00 00 00 00 50 14 14 50 05 40 14 50  P..P....P..P.@.P
106bd: 50 14 00 00 00 00 05 54 14 14 14 54 15 54 15 14  P......T...T.T..
106c5: 14 14 15 50 00 00 15 00 00 00 50 14 50 14 50 14  ...P......P.P.P.
106cd: 50 14 15 50 00 00 00 54 00 00 50 14 50 14 50 14  P..P...T..P.P.P.
106d5: 50 14 15 50 00 00 01 40 14 14 00 00 50 14 50 14  P..P...@....P.P.
106dd: 50 14 15 50 00 00 14 14 00 00 50 14 50 14 50 14  P..P......P.P.P.
106e5: 50 14 15 50 00 00 00 54 00 00 14 14 14 14 05 50  P..P...T.......P
106ed: 01 40 01 40 00 00 50 00 50 00 55 50 50 14 55 50  .@.@..P.P.UPP.UP
106f5: 50 00 50 00 00 00 05 50 14 14 14 14 14 50 14 14  P.P....P.....P..
106fd: 14 14 14 50 00 00 15 00 00 00 05 50 00 14 05 54  ...P.......P...T
10705: 14 14 05 54 00 00 00 54 00 00 05 50 00 14 05 54  ...T...T...P...T
1070d: 14 14 05 54 00 00 01 40 14 14 00 00 05 54 14 14  ...T...@.....T..
10715: 50 14 15 54 00 00 15 14 51 50 00 00 05 54 14 14  P..T....QP...T..
1071d: 50 14 15 54 00 00 14 14 00 00 05 50 00 14 05 54  P..T.......P...T
10725: 14 14 05 54 00 00 01 40 01 40 00 00 05 54 14 14  ...T...@.@...T..
1072d: 50 14 15 54 00 00 00 00 00 00 15 54 01 45 15 55  P..T.......T.E.U
10735: 51 40 15 15 00 00 00 00 00 00 05 50 14 00 14 00  Q@.........P....
1073d: 14 00 05 50 01 40 15 00 00 00 05 50 14 14 15 54  ...P.@.....P...T
10745: 14 00 05 50 00 00 00 54 00 00 05 50 14 14 15 54  ...P...T...P...T
1074d: 14 00 05 50 00 00 01 40 14 14 00 00 05 50 15 54  ...P...@.....P.T
10755: 14 00 05 50 00 00 14 14 00 00 05 50 14 14 15 54  ...P.......P...T
1075d: 14 00 05 50 00 00 15 00 00 00 05 40 01 40 01 40  ...P.......@.@.@
10765: 01 40 05 50 00 00 00 54 00 00 05 40 01 40 01 40  .@.P...T...@.@.@
1076d: 01 40 05 50 00 00 01 40 14 14 00 00 05 40 01 40  .@.P...@.....@.@
10775: 01 40 05 50 00 00 14 14 00 00 05 40 01 40 01 40  .@.P.......@.@.@
1077d: 01 40 05 50 00 00 00 50 05 54 00 50 15 50 50 50  .@.P...P.T.P.PPP
10785: 50 50 15 40 00 00 15 14 51 50 00 00 15 50 14 14  PP.@....QP...P..
1078d: 14 14 14 14 00 00 15 00 00 00 05 50 14 14 14 14  ...........P....
10795: 14 14 05 50 00 00 00 54 00 00 05 50 14 14 14 14  ...P...T...P....
1079d: 14 14 05 50 00 00 01 40 14 14 00 00 05 50 14 14  ...P...@.....P..
107a5: 14 14 05 50 00 00 15 14 51 50 00 00 05 50 14 14  ...P....QP...P..
107ad: 14 14 05 50 00 00 14 14 00 00 05 50 14 14 14 14  ...P.......P....
107b5: 14 14 05 50 00 00 01 40 01 40 00 00 15 54 00 00  ...P...@.@...T..
107bd: 01 40 01 40 00 00 00 00 00 04 15 50 50 54 51 14  .@.@.......PPTQ.
107c5: 54 14 15 50 40 00 15 00 00 00 14 14 14 14 14 14  T..P@...........
107cd: 14 14 05 54 00 00 00 54 00 00 14 14 14 14 14 14  ...T...T........
107d5: 14 14 05 54 00 00 01 40 14 14 00 00 14 14 14 14  ...T...@........
107dd: 14 14 05 54 00 00 14 14 00 00 14 14 14 14 14 14  ...T............
107e5: 14 14 05 54 00 00 00 54 00 00 14 14 14 14 14 14  ...T...T........
107ed: 05 54 00 14 05 50 14 00 14 00 15 50 14 14 14 14  .T...P.....P....
107f5: 15 50 14 00 14 00 14 14 00 00 14 14 14 14 14 14  .P..............
107fd: 05 54 00 14 05 50 00 00 00 00 00 00 00 00 00 00  .T...P..........
10805: 00 00 00 00 00 00 00 00 00 00 00 00 00 00 00 00  ................
1080d: 00 00 00 00 00 00 00 00 00 00 00 00 00 00 00 00  ................
10815: 00 00 00 00 00 00 00 00 00 00 00 00 00 00 00 00  ................
1081d: 00 00 00 00 00 00 00 00 00 00 00 00 00 00 00 00  ................
10825: 00 00 00 00 00 00 00 00 00 00 00 00 00 00 00 00  ................
1082d: 00 00 00 00 00 00 00 00 00 00 00 00 00 00 00 00  ................
10835: 00 00 00 00 00 00 00 00 00 00 00 00 00 00 00 00  ................
1083d: 00 00 00 00 00 00 00 00 00 00 00 00 00 00 00 00  ................
10845: 00 00 00 00 00 00 00 00 00 00 00 00 00 00 00 00  ................
1084d: 00 00 00 00 00 00 00 00 00 00 00 00 00 00 00 00  ................
10855: 00 00 00 00 00 00 00 00 00 00 00 00 00 00 00 00  ................
1085d: 00 00 00 00 00 00 00 00 00 00 00 00 00 00 00 00  ................
10865: 00 00 00 00 00 00 00 00 00 00 00 00 00 00 00 00  ................
1086d: 00 00 00 00 00 00 00 00 00 00 00 00 00 00 00 00  ................
10875: 00 00 00 00 00 00 00 00 00 00 00 00 00 00 00 00  ................
1087d: 00 00 00 00 00 00 00 00 00 00 00 00 00 00 00 00  ................
10885: 00 00 00 00 00 00 00 00 00 00 00 00 00 00 00 00  ................
1088d: 00 00 00 00 00 00 00 00 00 00 00 00 00 00 00 00  ................
10895: 00 00 00 00 00 00 00 00 00 00 00 00 00 00 00 00  ................
1089d: 00 00 00 00 00 00 00 00 00 00 00 00 00 00 00 00  ................
108a5: 00 00 00 00 00 00 00 00 00 00 00 00 00 00 00 00  ................
108ad: 00 00 00 00 00 00 00 00 00 00 00 00 00 00 00 00  ................
108b5: 00 00 00 00 00 00 00 00 00 00 00 00 00 00 00 00  ................
108bd: 00 00 00 00 00 00 00 00 00 00 00 00 00 00 00 00  ................
108c5: 00 00 00 00 00 00 00 00 00 00 00 00 00 00 00 00  ................
108cd: 00 00 00 00 00 00 00 00 00 00 00 00 00 00 00 00  ................
108d5: 00 00 00 00 00 00 00 00 00 00 00 00 00 00 00 00  ................
108dd: 00 00 00 00 00 00 00 00 00 00 00 00 00 00 00 00  ................
108e5: 00 00 00 00 00 00 00 00 00 00 00 00 00 00 00 00  ................
108ed: 00 00 00 00 00 00 00 00 00 00 00 00 00 00 00 00  ................
108f5: 00 00 00 00 00 00 00 00 00 00 00 00 00 00 00 00  ................
108fd: 00 00 00 00 00 00 00 00 00 00 00 00 00 00 00 00  ................
10905: 00 00 00 00 00 00 00 00 00 00 00 00 00 00 00 00  ................
1090d: 00 00 00 00 00 00 00 00 00 00 00 00 00 00 00 00  ................
10915: 00 00 00 00 00 00 00 00 00 00 00 00 00 00 00 00  ................
1091d: 00 00 00 00 00 00 00 00 00 00 00 00 00 00 00 00  ................
10925: 00 00 00 00 00 00 00 00 00 00 00 00 00 00 00 00  ................
1092d: 00 00 00 00 00 00 00 00 00 00 00 00 00 00 00 00  ................
10935: 00 00 00 00 00 00 00 00 00 00 00 00 00 00 00 00  ................
1093d: 00 00 00 00 00 00 00 00 00 00 00 00 00 00 00 00  ................
10945: 00 00 00 00 00 00 00 00 00 00 00 00 00 00 00 00  ................
1094d: 00 00 00 00 00 00 00 00 00 00 00 00 00 00 00 00  ................
10955: 00 00 00 00 00 00 00 00 00 00 00 00 00 00 00 00  ................
1095d: 00 00 00 00 00 00 00 00 00 00 00 00 00 00 00 00  ................
10965: 00 00 00 00 00 00 00 00 00 00 00 00 00 00 00 00  ................
1096d: 00 00 00 00 00 00 00 00 00 00 00 00 00 00 00 00  ................
10975: 00 00 00 00 00 00 00 00 00 00 00 00 00 00 00 00  ................
1097d: 00 00 00 00 00 00 00 00 00 00 00 00 00 00 00 00  ................
10985: 00 00 00 00 00 00 00 00 00 00 00 00 00 00 00 00  ................
1098d: 00 00 00 00 00 00 00 00 00 00 00 00 00 00 00 00  ................
10995: 00 00 00 00 00 00 00 00 00 00 00 00 00 00 00 00  ................
1099d: 00 00 00 00 00 00 00 00 00 00 00 00 00 00 00 00  ................
109a5: 00 00 00 00 00 00 00 00 00 00 00 00 00 00 00 00  ................
109ad: 00 00 00 00 00 00 00 00 00 00 00 00 00 00 00 00  ................
109b5: 00 00 00 00 00 00 00 00 00 00 00 00 00 00 00 00  ................
109bd: 00 00 00 00 00 00 00 00 00 00 00 00 00 00 00 00  ................
109c5: 00 00 00 00 00 00 00 00 00 00 00 00 00 00 00 00  ................
109cd: 00 00 00 00 00 00 00 00 00 00 00 00 00 00 00 00  ................
109d5: 00 00 00 00 00 00 00 00 00 00 00 00 00 00 00 00  ................
109dd: 00 00 00 00 00 00 00 00 00 00 00 00 00 00 00 00  ................
109e5: 00 00 00 00 00 00 00 00 00 00 00 00 00 00 00 00  ................
109ed: 00 00 00 00 00 00 00 00 00 00 00 00 00 00 00 00  ................
109f5: 00 00 00 00 00 00 00 00 00 00 00 00 00 00 00 00  ................
109fd: 00 00 00 00 00 00 00 00 00 00 00 00 00 00 00 00  ................
10a05: 00 00 00 00 00 00 00 00 00 00 00 00 00 00 00 00  ................
10a0d: 00 00 00 00 00 00 00 00 00 00 00 00 00 00 00 00  ................
10a15: 00 00 00 00 00 00 00 00 00 00 00 00 00 00 00 00  ................
10a1d: 00 00 00 00 00 00 00 00 00 00 00 00 00 00 00 00  ................
10a25: 00 00 00 00 00 00 00 00 00 00 00 00 00 00 00 00  ................
10a2d: 00 00 00 00 00 00 00 00 00 00 00 00 00 00 00 00  ................
10a35: 00 00 00 00 00 00 00 00 00 00 00 00 00 00 00 00  ................
10a3d: 00 00 00 00 00 00 00 00 00 00 00 00 00 00 00 00  ................
10a45: 00 00 00 00 00 00 00 00 00 00 00 00 00 00 00 00  ................
10a4d: 00 00 00 00 00 00 00 00 00 00 00 00 00 00 00 00  ................
10a55: 00 00 00 00 00 00 00 00 00 00 00 00 00 00 00 00  ................
10a5d: 00 00 00 00 00 00 00 00 00 00 00 00 00 00 00 00  ................
10a65: 00 00 00 00 00 00 00 00 00 00 00 00 00 00 00 00  ................
10a6d: 00 00 00 00 00 00 00 00 00 00 00 00 00 00 00 00  ................
10a75: 00 00 00 00 00 00 00 00 00 00 00 00 00 00 00 00  ................
10a7d: 00 00 00 00 00 00 00 00 00 00 00 00 00 00 00 00  ................
10a85: 00 00 00 00 00 00 00 00 00 00 00 00 00 00 00 00  ................
10a8d: 00 00 00 00 00 00 00 00 00 00 00 00 00 00 00 00  ................
10a95: 00 00 00 00 00 00 00 00 00 00 00 00 00 00 00 00  ................
10a9d: 00 00 00 00 00 00 00 00 00 00 00 00 00 00 00 00  ................
10aa5: 00 00 00 00 00 00 00 00 00 00 00 00 00 00 00 00  ................
10aad: 00 00 00 00 00 00 00 00 00 00 00 00 00 00 00 00  ................
10ab5: 00 00 00 00 00 00 00 00 00 00 00 00 00 00 00 00  ................
10abd: 00 00 00 00 00 00 00 00 00 00 00 00 00 00 00 00  ................
10ac5: 00 00 00 00 00 00 00 00 00 00 00 00 00 00 00 00  ................
10acd: 00 00 00 00 00 00 00 00 00 00 00 00 00 00 00 00  ................
10ad5: 00 00 00 00 00 00 00 00 00 00 00 00 00 00 00 00  ................
10add: 00 00 00 00 00 00 00 00 00 00 00 00 00 00 00 00  ................
10ae5: 00 00 00 00 00 00 00 00 00 00 00 00 00 00 00 00  ................
10aed: 00 00 00 00 00 00 00 00 00 00 00 00 00 00 00 00  ................
10af5: 00 00 00 00 00 00 00 00 00 00 00 00 00 00 00 00  ................
10afd: 00 00 00 00 00 00 00 00 00 00 00 00 00 00 00 00  ................
10b05: 00 00 00 00 00 00 00 00 00 00 00 00 00 00 00 00  ................
10b0d: 00 00 00 00 00 00 00 00 00 00 00 00 00 00 00 00  ................
10b15: 00 00 00 00 00 00 00 00 00 00 00 00 00 00 00 00  ................
10b1d: 00 00 00 00 00 00 00 00 00 00 00 00 00 00 00 00  ................
10b25: 00 00 00 00 00 00 00 00 00 00 00 00 00 00 00 00  ................
10b2d: 00 00 00 00 00 00 00 00 00 00 00 00 00 00 00 00  ................
10b35: 00 00 00 00 00 00 00 00 00 00 00 00 00 00 00 00  ................
10b3d: 00 00 00 00 00 00 00 00 00 00 00 00 00 00 00 00  ................
10b45: 00 00 00 00 00 00 00 00 00 00 00 00 00 00 00 00  ................
10b4d: 00 00 00 00 00 00 00 00 00 00 00 00 00 00 00 00  ................
10b55: 00 00 00 00 00 00 00 00 00 00 00 00 00 00 00 00  ................
10b5d: 00 00 00 00 00 00 00 00 00 00 00 00 00 00 00 00  ................
10b65: 00 00 00 00 00 00 00 00 00 00 00 00 00 00 00 00  ................
10b6d: 00 00 00 00 00 00 00 00 00 00 00 00 00 00 00 00  ................
10b75: 00 00 00 00 00 00 00 00 00 00 00 00 00 00 00 00  ................
10b7d: 00 00 00 00 00 00 00 00 00 00 00 00 00 00 00 00  ................
10b85: 00 00 00 00 00 00 00 00 00 00 00 00 00 00 00 00  ................
10b8d: 00 00 00 00 00 00 00 00 00 00 00 00 00 00 00 00  ................
10b95: 00 00 00 00 00 00 00 00 00 00 00 00 00 00 00 00  ................
10b9d: 00 00 00 00 00 00 00 00 00 00 00 00 00 00 00 00  ................
10ba5: 00 00 00 00 00 00 00 00 00 00 00 00 00 00 00 00  ................
10bad: 00 00 00 00 00 00 00 00 00 00 00 00 00 00 00 00  ................
10bb5: 00 00 00 00 00 00 00 00 00 00 00 00 00 00 00 00  ................
10bbd: 00 00 00 00 00 00 00 00 00 00 00 00 00 00 00 00  ................
10bc5: 00 00 00 00 00 00 00 00 00 00 00 00 00 00 00 00  ................
10bcd: 00 00 00 00 00 00 00 00 00 00 00 00 00 00 00 00  ................
10bd5: 00 00 00 00 00 00 00 00 00 00 00 00 00 00 00 00  ................
10bdd: 00 00 00 00 00 00 00 00 00 00 00 00 00 00 00 00  ................
10be5: 00 00 00 00 00 00 00 00 00 00 00 00 00 00 00 00  ................
10bed: 00 00 00 00 00 00 00 00 00 00 00 00 00 00 00 00  ................
10bf5: 00 00 00 00 00 00 00 00 00 00 00 00 00 00 00 00  ................
10bfd: 00 00 00 00 00 00 01 01 01 01 01 01 01 01 01 01  ................
10c05: 01 01 01 01 01 01 01 01 01 01 01 01 01 01 01 01  ................
10c0d: 01 01 01 01 01 01 01 01 01 01 01 01 01 01 01 01  ................
10c15: 01 01 01 01 01 01 01 01 01 01 01 01 01 01 01 01  ................
10c1d: 01 01 01 01 01 01 01 01 01 01 01 01 01 01 01 01  ................
10c25: 01 01 01 01 01 01 01 01 01 01 01 01 01 01 01 01  ................
10c2d: 01 01 01 01 01 01 01 01 01 01 01 01 01 01 01 01  ................
10c35: 01 01 01 01 01 01 01 01 01 01 01 01 01 01 01 01  ................
10c3d: 01 01 01 01 01 01 01 01 01 01 01 01 01 01 01 01  ................
10c45: 01 01 01 01 01 01 01 01 01 01 01 01 01 01 01 01  ................
10c4d: 01 01 01 01 01 01 01 01 01 01 01 01 01 01 01 01  ................
10c55: 01 01 01 01 01 01 01 01 01 01 01 01 01 01 01 01  ................
10c5d: 01 01 01 01 01 01 01 01 01 01 01 01 01 01 01 01  ................
10c65: 01 01 01 01 01 01 01 01 01 01 01 01 01 01 01 01  ................
10c6d: 01 01 01 01 01 01 01 01 01 01 01 01 01 01 01 01  ................
10c75: 01 01 01 01 01 01 01 01 01 01 01 01 01 01 01 01  ................
10c7d: 01 01 01 01 01 01 01 01 01 01 01 01 01 01 01 01  ................
10c85: 01 01 01 01 01 01 01 01 01 01 01 01 01 01 01 01  ................
10c8d: 01 01 01 01 01 01 01 01 01 01 01 01 01 01 01 01  ................
10c95: 01 01 01 01 01 01 01 01 01 01 01 01 01 01 01 01  ................
10c9d: 01 01 01 01 01 01 01 01 01 01 01 01 01 01 01 01  ................
10ca5: 01 01 01 01 01 01 01 01 01 01 01 01 01 01 01 01  ................
10cad: 01 01 01 01 01 01 01 01 01 01 01 01 01 01 01 01  ................
10cb5: 01 01 01 01 01 01 01 01 01 01 01 01 01 01 01 01  ................
10cbd: 01 01 01 01 01 01 01 01 01 01 01 01 01 01 01 01  ................
10cc5: 01 01 01 01 01 01 01 01 01 01 01 01 01 01 01 01  ................
10ccd: 01 01 01 01 01 01 01 01 01 01 01 01 01 01 01 01  ................
10cd5: 01 01 01 01 01 01 01 01 01 01 01 01 01 01 01 01  ................
10cdd: 01 01 01 01 01 01 01 01 01 01 01 01 01 01 01 01  ................
10ce5: 01 01 01 01 01 01 01 01 01 01 01 01 01 01 01 01  ................
10ced: 01 01 01 01 01 01 01 01 01 01 01 01 01 01 01 01  ................
10cf5: 01 01 01 01 01 01 01 01 01 01 01 01 01 01 01 01  ................
10cfd: 01 01 01 01 01 01 01 01 01 01 01 01 01 01 01 01  ................
10d05: 01 01 01 01 01 01 01 01 01 01 01 01 01 01 01 01  ................
10d0d: 01 01 01 01 01 01 01 01 01 01 01 01 01 01 01 01  ................
10d15: 01 01 01 01 01 01 01 01 01 01 01 01 01 01 01 01  ................
10d1d: 01 01 01 01 01 01 01 01 01 01 01 01 01 01 01 01  ................
10d25: 01 01 01 01 01 01 01 01 01 01 01 01 01 01 01 01  ................
10d2d: 01 01 01 01 01 01 01 01 01 01 01 01 01 01 01 01  ................
10d35: 01 01 01 01 01 01 01 01 01 01 01 01 01 01 01 01  ................
10d3d: 01 01 01 01 01 01 01 01 01 01 01 01 01 01 01 01  ................
10d45: 01 01 01 01 01 01 01 01 01 01 01 01 01 01 01 01  ................
10d4d: 01 01 01 01 01 01 01 01 01 01 01 01 01 01 01 01  ................
10d55: 01 01 01 01 01 01 01 01 01 01 01 01 01 01 01 01  ................
10d5d: 01 01 01 01 01 01 01 01 01 01 01 01 01 01 01 01  ................
10d65: 01 01 01 01 01 01 01 01 01 01 01 01 01 01 01 01  ................
10d6d: 01 01 01 01 01 01 01 01 01 01 01 01 01 01 01 01  ................
10d75: 01 01 01 01 01 01 01 01 01 01 01 01 01 01 01 01  ................
10d7d: 01 01 01 01 01 01 01 01 01 01 01 01 01 01 01 01  ................
10d85: 01 01 01 01 01 01 01 01 01 01 01 01 01 01 01 01  ................
10d8d: 01 01 01 01 01 01 01 01 01 01 01 01 01 01 01 01  ................
10d95: 01 01 01 01 01 01 01 01 01 01 01 01 01 01 01 01  ................
10d9d: 01 01 01 01 01 01 01 01 01 01 01 01 01 01 01 01  ................
10da5: 01 01 01 01 01 01 01 01 01 01 01 01 01 01 01 01  ................
10dad: 01 01 01 01 01 01 01 01 01 01 01 01 01 01 01 01  ................
10db5: 01 01 01 01 01 01 01 01 01 01 01 01 01 01 01 01  ................
10dbd: 01 01 01 01 01 01 01 01 01 01 01 01 01 01 01 01  ................
10dc5: 01 01 01 01 01 01 01 01 01 01 01 01 01 01 01 01  ................
10dcd: 01 01 01 01 01 01 01 01 01 01 01 01 01 01 01 01  ................
10dd5: 01 01 01 01 01 01 01 01 01 01 01 01 01 01 01 01  ................
10ddd: 01 01 01 01 01 01 01 01 01 01 01 01 01 01 01 01  ................
10de5: 01 01 01 01 01 01 01 01 01 01 01 01 01 01 01 01  ................
10ded: 01 01 01 01 01 01 01 01 01 01 01 01 01 01 01 01  ................
10df5: 01 01 01 01 01 01 01 01 01 01 01 01 01 01 01 01  ................
10dfd: 01 01 01 01 01 01 02 02 02 02 02 02 02 02 02 02  ................
10e05: 02 02 02 02 02 02 02 02 02 02 02 02 02 02 02 02  ................
10e0d: 02 02 02 02 02 02 02 02 02 02 02 02 02 02 02 02  ................
10e15: 02 02 02 02 02 02 02 02 02 02 02 02 02 02 02 02  ................
10e1d: 02 02 02 02 02 02 02 02 02 02 02 02 02 02 02 02  ................
10e25: 02 02 02 02 02 02 02 02 02 02 02 02 02 02 02 02  ................
10e2d: 02 02 02 02 02 02 02 02 02 02 02 02 02 02 02 02  ................
10e35: 02 02 02 02 02 02 02 02 02 02 02 02 02 02 02 02  ................
10e3d: 02 02 02 02 02 02 02 02 02 02 02 02 02 02 02 02  ................
10e45: 02 02 02 02 02 02 02 02 02 02 02 02 02 02 02 02  ................
10e4d: 02 02 02 02 02 02 02 02 02 02 02 02 02 02 02 02  ................
10e55: 02 02 02 02 02 02 02 02 02 02 02 02 02 02 02 02  ................
10e5d: 02 02 02 02 02 02 02 02 02 02 02 02 02 02 02 02  ................
10e65: 02 02 02 02 02 02 02 02 02 02 02 02 02 02 02 02  ................
10e6d: 02 02 02 02 02 02 02 02 02 02 02 02 02 02 02 02  ................
10e75: 02 02 02 02 02 02 02 02 02 02 02 02 02 02 02 02  ................
10e7d: 02 02 02 02 02 02 02 02 02 02 02 02 02 02 02 02  ................
10e85: 02 02 02 02 02 02 02 02 02 02 02 02 02 02 02 02  ................
10e8d: 02 02 02 02 02 02 02 02 02 02 02 02 02 02 02 02  ................
10e95: 02 02 02 02 02 02 02 02 02 02 02 02 02 02 02 02  ................
10e9d: 02 02 02 02 02 02 02 02 02 02 02 02 02 02 02 02  ................
10ea5: 02 02 02 02 02 02 02 02 02 02 02 02 02 02 02 02  ................
10ead: 02 02 02 02 02 02 02 02 02 02 02 02 02 02 02 02  ................
10eb5: 02 02 02 02 02 02 02 02 02 02 02 02 02 02 02 02  ................
10ebd: 02 02 02 02 02 02 02 02 02 02 02 02 02 02 02 02  ................
10ec5: 02 02 02 02 02 02 02 02 02 02 02 02 02 02 02 02  ................
10ecd: 02 02 02 02 02 02 02 02 02 02 02 02 02 02 02 02  ................
10ed5: 02 02 02 02 02 02 02 02 02 02 02 02 02 02 02 02  ................
10edd: 02 02 02 02 02 02 02 02 02 02 02 02 02 02 02 02  ................
10ee5: 02 02 02 02 02 02 02 02 02 02 02 02 02 02 02 02  ................
10eed: 02 02 02 02 02 02 02 02 02 02 02 02 02 02 02 02  ................
10ef5: 02 02 02 02 02 02 02 02 02 02 02 02 02 02 02 02  ................
10efd: 02 02 02 02 02 02 02 02 02 02 02 02 02 02 02 02  ................
10f05: 02 02 02 02 02 02 02 02 02 02 02 02 02 02 02 02  ................
10f0d: 02 02 02 02 02 02 02 02 02 02 02 02 02 02 02 02  ................
10f15: 02 02 02 02 02 02 02 02 02 02 02 02 02 02 02 02  ................
10f1d: 02 02 02 02 02 02 02 02 02 02 02 02 02 02 02 02  ................
10f25: 02 02 02 02 02 02 02 02 02 02 02 02 02 02 02 02  ................
10f2d: 02 02 02 02 02 02 02 02 02 02 02 02 02 02 02 02  ................
10f35: 02 02 02 02 02 02 02 02 02 02 02 02 02 02 02 02  ................
10f3d: 02 02 02 02 02 02 02 02 02 02 02 02 02 02 02 02  ................
10f45: 02 02 02 02 02 02 02 02 02 02 02 02 02 02 02 02  ................
10f4d: 02 02 02 02 02 02 02 02 02 02 02 02 02 02 02 02  ................
10f55: 02 02 02 02 02 02 02 02 02 02 02 02 02 02 02 02  ................
10f5d: 02 02 02 02 02 02 02 02 02 02 02 02 02 02 02 02  ................
10f65: 02 02 02 02 02 02 02 02 02 02 02 02 02 02 02 02  ................
10f6d: 02 02 02 02 02 02 02 02 02 02 02 02 02 02 02 02  ................
10f75: 02 02 02 02 02 02 02 02 02 02 02 02 02 02 02 02  ................
10f7d: 02 02 02 02 02 02 02 02 02 02 02 02 02 02 02 02  ................
10f85: 02 02 02 02 02 02 02 02 02 02 02 02 02 02 02 02  ................
10f8d: 02 02 02 02 02 02 02 02 02 02 02 02 02 02 02 02  ................
10f95: 02 02 02 02 02 02 02 02 02 02 02 02 02 02 02 02  ................
10f9d: 02 02 02 02 02 02 02 02 02 02 02 02 02 02 02 02  ................
10fa5: 02 02 02 02 02 02 02 02 02 02 02 02 02 02 02 02  ................
10fad: 02 02 02 02 02 02 02 02 02 02 02 02 02 02 02 02  ................
10fb5: 02 02 02 02 02 02 02 02 02 02 02 02 02 02 02 02  ................
10fbd: 02 02 02 02 02 02 02 02 02 02 02 02 02 02 02 02  ................
10fc5: 02 02 02 02 02 02 02 02 02 02 02 02 02 02 02 02  ................
10fcd: 02 02 02 02 02 02 02 02 02 02 02 02 02 02 02 02  ................
10fd5: 02 02 02 02 02 02 02 02 02 02 02 02 02 02 02 02  ................
10fdd: 02 02 02 02 02 02 02 02 02 02 02 02 02 02 02 02  ................
10fe5: 02 02 02 02 02 02 02 02 02 02 02 02 02 02 02 02  ................
10fed: 02 02 02 02 02 02 02 02 02 02 02 02 02 02 02 02  ................
10ff5: 02 02 02 02 02 02 02 02 02 02 02 02 02 02 02 02  ................
10ffd: 02 02 02 02 02 02 03 03 03 03 03 03 03 03 03 03  ................
11005: 03 03 03 03 03 03 03 03 03 03 03 03 03 03 03 03  ................
1100d: 03 03 03 03 03 03 03 03 03 03 03 03 03 03 03 03  ................
11015: 03 03 03 03 03 03 03 03 03 03 03 03 03 03 03 03  ................
1101d: 03 03 03 03 03 03 03 03 03 03 03 03 03 03 03 03  ................
11025: 03 03 03 03 03 03 03 03 03 03 03 03 03 03 03 03  ................
1102d: 03 03 03 03 03 03 03 03 03 03 03 03 03 03 03 03  ................
11035: 03 03 03 03 03 03 03 03 03 03 03 03 03 03 03 03  ................
1103d: 03 03 03 03 03 03 03 03 03 03 03 03 03 03 03 03  ................
11045: 03 03 03 03 03 03 03 03 03 03 03 03 03 03 03 03  ................
1104d: 03 03 03 03 03 03 03 03 03 03 03 03 03 03 03 03  ................
11055: 03 03 03 03 03 03 03 03 03 03 03 03 03 03 03 03  ................
1105d: 03 03 03 03 03 03 03 03 03 03 03 03 03 03 03 03  ................
11065: 03 03 03 03 03 03 03 03 03 03 03 03 03 03 03 03  ................
1106d: 03 03 03 03 03 03 03 03 03 03 03 03 03 03 03 03  ................
11075: 03 03 03 03 03 03 03 03 03 03 03 03 03 03 03 03  ................
1107d: 03 03 03 03 03 03 03 03 03 03 03 03 03 03 03 03  ................
11085: 03 03 03 03 03 03 03 03 03 03 03 03 03 03 03 03  ................
1108d: 03 03 03 03 03 03 03 03 03 03 03 03 03 03 03 03  ................
11095: 03 03 03 03 03 03 03 03 03 03 03 03 03 03 03 03  ................
1109d: 03 03 03 03 03 03 03 03 03 03 03 03 03 03 03 03  ................
110a5: 03 03 03 03 03 03 03 03 03 03 03 03 03 03 03 03  ................
110ad: 03 03 03 03 03 03 03 03 03 03 03 03 03 03 03 03  ................
110b5: 03 03 03 03 03 03 03 03 03 03 03 03 03 03 03 03  ................
110bd: 03 03 03 03 03 03 03 03 03 03 03 03 03 03 03 03  ................
110c5: 03 03 03 03 03 03 03 03 03 03 03 03 03 03 03 03  ................
110cd: 03 03 03 03 03 03 03 03 03 03 03 03 03 03 03 03  ................
110d5: 03 03 03 03 03 03 03 03 03 03 03 03 03 03 03 03  ................
110dd: 03 03 03 03 03 03 03 03 03 03 03 03 03 03 03 03  ................
110e5: 03 03 03 03 03 03 03 03 03 03 03 03 03 03 03 03  ................
110ed: 03 03 03 03 03 03 03 03 03 03 03 03 03 03 03 03  ................
110f5: 03 03 03 03 03 03 03 03 03 03 03 03 03 03 03 03  ................
110fd: 03 03 03 03 03 03 03 03 03 03 03 03 03 03 03 03  ................
11105: 03 03 03 03 03 03 03 03 03 03 03 03 03 03 03 03  ................
1110d: 03 03 03 03 03 03 03 03 03 03 03 03 03 03 03 03  ................
11115: 03 03 03 03 03 03 03 03 03 03 03 03 03 03 03 03  ................
1111d: 03 03 03 03 03 03 03 03 03 03 03 03 03 03 03 03  ................
11125: 03 03 03 03 03 03 03 03 03 03 03 03 03 03 03 03  ................
1112d: 03 03 03 03 03 03 03 03 03 03 03 03 03 03 03 03  ................
11135: 03 03 03 03 03 03 03 03 03 03 03 03 03 03 03 03  ................
1113d: 03 03 03 03 03 03 03 03 03 03 03 03 03 03 03 03  ................
11145: 03 03 03 03 03 03 03 03 03 03 03 03 03 03 03 03  ................
1114d: 03 03 03 03 03 03 03 03 03 03 03 03 03 03 03 03  ................
11155: 03 03 03 03 03 03 03 03 03 03 03 03 03 03 03 03  ................
1115d: 03 03 03 03 03 03 03 03 03 03 03 03 03 03 03 03  ................
11165: 03 03 03 03 03 03 03 03 03 03 03 03 03 03 03 03  ................
1116d: 03 03 03 03 03 03 03 03 03 03 03 03 03 03 03 03  ................
11175: 03 03 03 03 03 03 03 03 03 03 03 03 03 03 03 03  ................
1117d: 03 03 03 03 03 03 03 03 03 03 03 03 03 03 03 03  ................
11185: 03 03 03 03 03 03 03 03 03 03 03 03 03 03 03 03  ................
1118d: 03 03 03 03 03 03 03 03 03 03 03 03 03 03 03 03  ................
11195: 03 03 03 03 03 03 03 03 03 03 03 03 03 03 03 03  ................
1119d: 03 03 03 03 03 03 03 03 03 03 03 03 03 03 03 03  ................
111a5: 03 03 03 03 03 03 03 03 03 03 03 03 03 03 03 03  ................
111ad: 03 03 03 03 03 03 03 03 03 03 03 03 03 03 03 03  ................
111b5: 03 03 03 03 03 03 03 03 03 03 03 03 03 03 03 03  ................
111bd: 03 03 03 03 03 03 03 03 03 03 03 03 03 03 03 03  ................
111c5: 03 03 03 03 03 03 03 03 03 03 03 03 03 03 03 03  ................
111cd: 03 03 03 03 03 03 03 03 03 03 03 03 03 03 03 03  ................
111d5: 03 03 03 03 03 03 03 03 03 03 03 03 03 03 03 03  ................
111dd: 03 03 03 03 03 03 03 03 03 03 03 03 03 03 03 03  ................
111e5: 03 03 03 03 03 03 03 03 03 03 03 03 03 03 03 03  ................
111ed: 03 03 03 03 03 03 03 03 03 03 03 03 03 03 03 03  ................
111f5: 03 03 03 03 03 03 03 03 03 03 03 03 03 03 03 03  ................
111fd: 03 03 03 03 03 03 04 04 04 04 04 04 04 04 04 04  ................
11205: 04 04 04 04 04 04 04 04 04 04 04 04 04 04 04 04  ................
1120d: 04 04 04 04 04 04 04 04 04 04 04 04 04 04 04 04  ................
11215: 04 04 04 04 04 04 04 04 04 04 04 04 04 04 04 04  ................
1121d: 04 04 04 04 04 04 04 04 04 04 04 04 04 04 04 04  ................
11225: 04 04 04 04 04 04 04 04 04 04 04 04 04 04 04 04  ................
1122d: 04 04 04 04 04 04 04 04 04 04 04 04 04 04 04 04  ................
11235: 04 04 04 04 04 04 04 04 04 04 04 04 04 04 04 04  ................
1123d: 04 04 04 04 04 04 04 04 04 04 04 04 04 04 04 04  ................
11245: 04 04 04 04 04 04 04 04 04 04 04 04 04 04 04 04  ................
1124d: 04 04 04 04 04 04 04 04 04 04 04 04 04 04 04 04  ................
11255: 04 04 04 04 04 04 04 04 04 04 04 04 04 04 04 04  ................
1125d: 04 04 04 04 04 04 04 04 04 04 04 04 04 04 04 04  ................
11265: 04 04 04 04 04 04 04 04 04 04 04 04 04 04 04 04  ................
1126d: 04 04 04 04 04 04 04 04 04 04 04 04 04 04 04 04  ................
11275: 04 04 04 04 04 04 04 04 04 04 04 04 04 04 04 04  ................
1127d: 04 04 04 04 04 04 04 04 04 04 04 04 04 04 04 04  ................
11285: 04 04 04 04 04 04 04 04 04 04 04 04 04 04 04 04  ................
1128d: 04 04 04 04 04 04 04 04 04 04 04 04 04 04 04 04  ................
11295: 04 04 04 04 04 04 04 04 04 04 04 04 04 04 04 04  ................
1129d: 04 04 04 04 04 04 04 04 04 04 04 04 04 04 04 04  ................
112a5: 04 04 04 04 04 04 04 04 04 04 04 04 04 04 04 04  ................
112ad: 04 04 04 04 04 04 04 04 04 04 04 04 04 04 04 04  ................
112b5: 04 04 04 04 04 04 04 04 04 04 04 04 04 04 04 04  ................
112bd: 04 04 04 04 04 04 04 04 04 04 04 04 04 04 04 04  ................
112c5: 04 04 04 04 04 04 04 04 04 04 04 04 04 04 04 04  ................
112cd: 04 04 04 04 04 04 04 04 04 04 04 04 04 04 04 04  ................
112d5: 04 04 04 04 04 04 04 04 04 04 04 04 04 04 04 04  ................
112dd: 04 04 04 04 04 04 04 04 04 04 04 04 04 04 04 04  ................
112e5: 04 04 04 04 04 04 04 04 04 04 04 04 04 04 04 04  ................
112ed: 04 04 04 04 04 04 04 04 04 04 04 04 04 04 04 04  ................
112f5: 04 04 04 04 04 04 04 04 04 04 04 04 04 04 04 04  ................
112fd: 04 04 04 04 04 04 04 04 04 04 04 04 04 04 04 04  ................
11305: 04 04 04 04 04 04 04 04 04 04 04 04 04 04 04 04  ................
1130d: 04 04 04 04 04 04 04 04 04 04 04 04 04 04 04 04  ................
11315: 04 04 04 04 04 04 04 04 04 04 04 04 04 04 04 04  ................
1131d: 04 04 04 04 04 04 04 04 04 04 04 04 04 04 04 04  ................
11325: 04 04 04 04 04 04 04 04 04 04 04 04 04 04 04 04  ................
1132d: 04 04 04 04 04 04 04 04 04 04 04 04 04 04 04 04  ................
11335: 04 04 04 04 04 04 04 04 04 04 04 04 04 04 04 04  ................
1133d: 04 04 04 04 04 04 04 04 04 04 04 04 04 04 04 04  ................
11345: 04 04 04 04 04 04 04 04 04 04 04 04 04 04 04 04  ................
1134d: 04 04 04 04 04 04 04 04 04 04 04 04 04 04 04 04  ................
11355: 04 04 04 04 04 04 04 04 04 04 04 04 04 04 04 04  ................
1135d: 04 04 04 04 04 04 04 04 04 04 04 04 04 04 04 04  ................
11365: 04 04 04 04 04 04 04 04 04 04 04 04 04 04 04 04  ................
1136d: 04 04 04 04 04 04 04 04 04 04 04 04 04 04 04 04  ................
11375: 04 04 04 04 04 04 04 04 04 04 04 04 04 04 04 04  ................
1137d: 04 04 04 04 04 04 04 04 04 04 04 04 04 04 04 04  ................
11385: 04 04 04 04 04 04 04 04 04 04 04 04 04 04 04 04  ................
1138d: 04 04 04 04 04 04 04 04 04 04 04 04 04 04 04 04  ................
11395: 04 04 04 04 04 04 04 04 04 04 04 04 04 04 04 04  ................
1139d: 04 04 04 04 04 04 04 04 04 04 04 04 04 04 04 04  ................
113a5: 04 04 04 04 04 04 04 04 04 04 04 04 04 04 04 04  ................
113ad: 04 04 04 04 04 04 04 04 04 04 04 04 04 04 04 04  ................
113b5: 04 04 04 04 04 04 04 04 04 04 04 04 04 04 04 04  ................
113bd: 04 04 04 04 04 04 04 04 04 04 04 04 04 04 04 04  ................
113c5: 04 04 04 04 04 04 04 04 04 04 04 04 04 04 04 04  ................
113cd: 04 04 04 04 04 04 04 04 04 04 04 04 04 04 04 04  ................
113d5: 04 04 04 04 04 04 04 04 04 04 04 04 04 04 04 04  ................
113dd: 04 04 04 04 04 04 04 04 04 04 04 04 04 04 04 04  ................
113e5: 04 04 04 04 04 04 04 04 04 04 04 04 04 04 04 04  ................
113ed: 04 04 04 04 04 04 04 04 04 04 04 04 04 04 04 04  ................
113f5: 04 04 04 04 04 04 04 04 04 04 04 04 04 04 04 04  ................
113fd: 04 04 04 04 04 04 05 05 05 05 05 05 05 05 05 05  ................
11405: 05 05 05 05 05 05 05 05 05 05 05 05 05 05 05 05  ................
1140d: 05 05 05 05 05 05 05 05 05 05 05 05 05 05 05 05  ................
11415: 05 05 05 05 05 05 05 05 05 05 05 05 05 05 05 05  ................
1141d: 05 05 05 05 05 05 05 05 05 05 05 05 05 05 05 05  ................
11425: 05 05 05 05 05 05 05 05 05 05 05 05 05 05 05 05  ................
1142d: 05 05 05 05 05 05 05 05 05 05 05 05 05 05 05 05  ................
11435: 05 05 05 05 05 05 05 05 05 05 05 05 05 05 05 05  ................
1143d: 05 05 05 05 05 05 05 05 05 05 05 05 05 05 05 05  ................
11445: 05 05 05 05 05 05 05 05 05 05 05 05 05 05 05 05  ................
1144d: 05 05 05 05 05 05 05 05 05 05 05 05 05 05 05 05  ................
11455: 05 05 05 05 05 05 05 05 05 05 05 05 05 05 05 05  ................
1145d: 05 05 05 05 05 05 05 05 05 05 05 05 05 05 05 05  ................
11465: 05 05 05 05 05 05 05 05 05 05 05 05 05 05 05 05  ................
1146d: 05 05 05 05 05 05 05 05 05 05 05 05 05 05 05 05  ................
11475: 05 05 05 05 05 05 05 05 05 05 05 05 05 05 05 05  ................
1147d: 05 05 05 05 05 05 05 05 05 05 05 05 05 05 05 05  ................
11485: 05 05 05 05 05 05 05 05 05 05 05 05 05 05 05 05  ................
1148d: 05 05 05 05 05 05 05 05 05 05 05 05 05 05 05 05  ................
11495: 05 05 05 05 05 05 05 05 05 05 05 05 05 05 05 05  ................
1149d: 05 05 05 05 05 05 05 05 05 05 05 05 05 05 05 05  ................
114a5: 05 05 05 05 05 05 05 05 05 05 05 05 05 05 05 05  ................
114ad: 05 05 05 05 05 05 05 05 05 05 05 05 05 05 05 05  ................
114b5: 05 05 05 05 05 05 05 05 05 05 05 05 05 05 05 05  ................
114bd: 05 05 05 05 05 05 05 05 05 05 05 05 05 05 05 05  ................
114c5: 05 05 05 05 05 05 05 05 05 05 05 05 05 05 05 05  ................
114cd: 05 05 05 05 05 05 05 05 05 05 05 05 05 05 05 05  ................
114d5: 05 05 05 05 05 05 05 05 05 05 05 05 05 05 05 05  ................
114dd: 05 05 05 05 05 05 05 05 05 05 05 05 05 05 05 05  ................
114e5: 05 05 05 05 05 05 05 05 05 05 05 05 05 05 05 05  ................
114ed: 05 05 05 05 05 05 05 05 05 05 05 05 05 05 05 05  ................
114f5: 05 05 05 05 05 05 05 05 05 05 05 05 05 05 05 05  ................
114fd: 05 05 05 05 05 05 05 05 05 05 05 05 05 05 05 05  ................
11505: 05 05 05 05 05 05 05 05 05 05 05 05 05 05 05 05  ................
1150d: 05 05 05 05 05 05 05 05 05 05 05 05 05 05 05 05  ................
11515: 05 05 05 05 05 05 05 05 05 05 05 05 05 05 05 05  ................
1151d: 05 05 05 05 05 05 05 05 05 05 05 05 05 05 05 05  ................
11525: 05 05 05 05 05 05 05 05 05 05 05 05 05 05 05 05  ................
1152d: 05 05 05 05 05 05 05 05 05 05 05 05 05 05 05 05  ................
11535: 05 05 05 05 05 05 05 05 05 05 05 05 05 05 05 05  ................
1153d: 05 05 05 05 05 05 05 05 05 05 05 05 05 05 05 05  ................
11545: 05 05 05 05 05 05 05 05 05 05 05 05 05 05 05 05  ................
1154d: 05 05 05 05 05 05 05 05 05 05 05 05 05 05 05 05  ................
11555: 05 05 05 05 05 05 05 05 05 05 05 05 05 05 05 05  ................
1155d: 05 05 05 05 05 05 05 05 05 05 05 05 05 05 05 05  ................
11565: 05 05 05 05 05 05 05 05 05 05 05 05 05 05 05 05  ................
1156d: 05 05 05 05 05 05 05 05 05 05 05 05 05 05 05 05  ................
11575: 05 05 05 05 05 05 05 05 05 05 05 05 05 05 05 05  ................
1157d: 05 05 05 05 05 05 05 05 05 05 05 05 05 05 05 05  ................
11585: 05 05 05 05 05 05 05 05 05 05 05 05 05 05 05 05  ................
1158d: 05 05 05 05 05 05 05 05 05 05 05 05 05 05 05 05  ................
11595: 05 05 05 05 05 05 05 05 05 05 05 05 05 05 05 05  ................
1159d: 05 05 05 05 05 05 05 05 05 05 05 05 05 05 05 05  ................
115a5: 05 05 05 05 05 05 05 05 05 05 05 05 05 05 05 05  ................
115ad: 05 05 05 05 05 05 05 05 05 05 05 05 05 05 05 05  ................
115b5: 05 05 05 05 05 05 05 05 05 05 05 05 05 05 05 05  ................
115bd: 05 05 05 05 05 05 05 05 05 05 05 05 05 05 05 05  ................
115c5: 05 05 05 05 05 05 05 05 05 05 05 05 05 05 05 05  ................
115cd: 05 05 05 05 05 05 05 05 05 05 05 05 05 05 05 05  ................
115d5: 05 05 05 05 05 05 05 05 05 05 05 05 05 05 05 05  ................
115dd: 05 05 05 05 05 05 05 05 05 05 05 05 05 05 05 05  ................
115e5: 05 05 05 05 05 05 05 05 05 05 05 05 05 05 05 05  ................
115ed: 05 05 05 05 05 05 05 05 05 05 05 05 05 05 05 05  ................
115f5: 05 05 05 05 05 05 05 05 05 05 05 05 05 05 05 05  ................
115fd: 05 05 05 05 05 05 06 06 06 06 06 06 06 06 06 06  ................
11605: 06 06 06 06 06 06 06 06 06 06 06 06 06 06 06 06  ................
1160d: 06 06 06 06 06 06 06 06 06 06 06 06 06 06 06 06  ................
11615: 06 06 06 06 06 06 06 06 06 06 06 06 06 06 06 06  ................
1161d: 06 06 06 06 06 06 06 06 06 06 06 06 06 06 06 06  ................
11625: 06 06 06 06 06 06 06 06 06 06 06 06 06 06 06 06  ................
1162d: 06 06 06 06 06 06 06 06 06 06 06 06 06 06 06 06  ................
11635: 06 06 06 06 06 06 06 06 06 06 06 06 06 06 06 06  ................
1163d: 06 06 06 06 06 06 06 06 06 06 06 06 06 06 06 06  ................
11645: 06 06 06 06 06 06 06 06 06 06 06 06 06 06 06 06  ................
1164d: 06 06 06 06 06 06 06 06 06 06 06 06 06 06 06 06  ................
11655: 06 06 06 06 06 06 06 06 06 06 06 06 06 06 06 06  ................
1165d: 06 06 06 06 06 06 06 06 06 06 06 06 06 06 06 06  ................
11665: 06 06 06 06 06 06 06 06 06 06 06 06 06 06 06 06  ................
1166d: 06 06 06 06 06 06 06 06 06 06 06 06 06 06 06 06  ................
11675: 06 06 06 06 06 06 06 06 06 06 06 06 06 06 06 06  ................
1167d: 06 06 06 06 06 06 06 06 06 06 06 06 06 06 06 06  ................
11685: 06 06 06 06 06 06 06 06 06 06 06 06 06 06 06 06  ................
1168d: 06 06 06 06 06 06 06 06 06 06 06 06 06 06 06 06  ................
11695: 06 06 06 06 06 06 06 06 06 06 06 06 06 06 06 06  ................
1169d: 06 06 06 06 06 06 06 06 06 06 06 06 06 06 06 06  ................
116a5: 06 06 06 06 06 06 06 06 06 06 06 06 06 06 06 06  ................
116ad: 06 06 06 06 06 06 06 06 06 06 06 06 06 06 06 06  ................
116b5: 06 06 06 06 06 06 06 06 06 06 06 06 06 06 06 06  ................
116bd: 06 06 06 06 06 06 06 06 06 06 06 06 06 06 06 06  ................
116c5: 06 06 06 06 06 06 06 06 06 06 06 06 06 06 06 06  ................
116cd: 06 06 06 06 06 06 06 06 06 06 06 06 06 06 06 06  ................
116d5: 06 06 06 06 06 06 06 06 06 06 06 06 06 06 06 06  ................
116dd: 06 06 06 06 06 06 06 06 06 06 06 06 06 06 06 06  ................
116e5: 06 06 06 06 06 06 06 06 06 06 06 06 06 06 06 06  ................
116ed: 06 06 06 06 06 06 06 06 06 06 06 06 06 06 06 06  ................
116f5: 06 06 06 06 06 06 06 06 06 06 06 06 06 06 06 06  ................
116fd: 06 06 06 06 06 06 06 06 06 06 06 06 06 06 06 06  ................
11705: 06 06 06 06 06 06 06 06 06 06 06 06 06 06 06 06  ................
1170d: 06 06 06 06 06 06 06 06 06 06 06 06 06 06 06 06  ................
11715: 06 06 06 06 06 06 06 06 06 06 06 06 06 06 06 06  ................
1171d: 06 06 06 06 06 06 06 06 06 06 06 06 06 06 06 06  ................
11725: 06 06 06 06 06 06 06 06 06 06 06 06 06 06 06 06  ................
1172d: 06 06 06 06 06 06 06 06 06 06 06 06 06 06 06 06  ................
11735: 06 06 06 06 06 06 06 06 06 06 06 06 06 06 06 06  ................
1173d: 06 06 06 06 06 06 06 06 06 06 06 06 06 06 06 06  ................
11745: 06 06 06 06 06 06 06 06 06 06 06 06 06 06 06 06  ................
1174d: 06 06 06 06 06 06 06 06 06 06 06 06 06 06 06 06  ................
11755: 06 06 06 06 06 06 06 06 06 06 06 06 06 06 06 06  ................
1175d: 06 06 06 06 06 06 06 06 06 06 06 06 06 06 06 06  ................
11765: 06 06 06 06 06 06 06 06 06 06 06 06 06 06 06 06  ................
1176d: 06 06 06 06 06 06 06 06 06 06 06 06 06 06 06 06  ................
11775: 06 06 06 06 06 06 06 06 06 06 06 06 06 06 06 06  ................
1177d: 06 06 06 06 06 06 06 06 06 06 06 06 06 06 06 06  ................
11785: 06 06 06 06 06 06 06 06 06 06 06 06 06 06 06 06  ................
1178d: 06 06 06 06 06 06 06 06 06 06 06 06 06 06 06 06  ................
11795: 06 06 06 06 06 06 06 06 06 06 06 06 06 06 06 06  ................
1179d: 06 06 06 06 06 06 06 06 06 06 06 06 06 06 06 06  ................
117a5: 06 06 06 06 06 06 06 06 06 06 06 06 06 06 06 06  ................
117ad: 06 06 06 06 06 06 06 06 06 06 06 06 06 06 06 06  ................
117b5: 06 06 06 06 06 06 06 06 06 06 06 06 06 06 06 06  ................
117bd: 06 06 06 06 06 06 06 06 06 06 06 06 06 06 06 06  ................
117c5: 06 06 06 06 06 06 06 06 06 06 06 06 06 06 06 06  ................
117cd: 06 06 06 06 06 06 06 06 06 06 06 06 06 06 06 06  ................
117d5: 06 06 06 06 06 06 06 06 06 06 06 06 06 06 06 06  ................
117dd: 06 06 06 06 06 06 06 06 06 06 06 06 06 06 06 06  ................
117e5: 06 06 06 06 06 06 06 06 06 06 06 06 06 06 06 06  ................
117ed: 06 06 06 06 06 06 06 06 06 06 06 06 06 06 06 06  ................
117f5: 06 06 06 06 06 06 06 06 06 06 06 06 06 06 06 06  ................
117fd: 06 06 06 06 06 06                                ......


Program Info:
                         LABEL ADDRESS  SCOPE
                       tilemap 00000001 0
                   tilemap_end 00000801 0
         player_a_anim_counter 00000801 0
    player_a_anim_current_tile 00000802 0
      player_a_anim_first_tile 00000803 0
       player_a_anim_last_tile 00000804 0
                         start 00008000 0
                          loop 0000801e 0
                     game_init 00008021 0
            clear_tilemap_loop 00008025 1
                 init_player_a 0000805f 0
                     game_tick 0000806b 0
                 last_tile_set 00008087 2
                            ok 00008087 2
                          font 00010000 0
                   sprite_data 00010800 0
 -> Total symbols: 16

Include Paths: .
               /usr/local/share/naken_asm/include
               include
 Instructions: 96
   Code Bytes: 300
   Data Bytes: 12310
  Low Address: 0000 (0)
 High Address: 1ffff (131071)

